<?xml version="1.0" encoding="UTF-8"?>
<testng-results ignored="0" total="2" passed="2" failed="0" skipped="0">
  <reporter-output>
  </reporter-output>
  <suite started-at="2021-07-20T15:44:21 IST" name="Default suite" finished-at="2021-07-20T15:44:21 IST" duration-ms="92">
    <groups>
    </groups>
    <test started-at="2021-07-20T15:44:21 IST" name="Default test" finished-at="2021-07-20T15:44:21 IST" duration-ms="92">
      <class name="com.extentreport.ExtentReportDemowithTestNG">
        <test-method is-config="true" signature="setUp()[pri:0, instance:com.extentreport.ExtentReportDemowithTestNG@5b239d7d]" started-at="2021-07-20T15:44:20 IST" name="setUp" finished-at="2021-07-20T15:44:21 IST" duration-ms="797" status="PASS">
          <reporter-output>
          </reporter-output>
        </test-method> <!-- setUp -->
        <test-method signature="Test()[pri:0, instance:com.extentreport.ExtentReportDemowithTestNG@5b239d7d]" started-at="2021-07-20T15:44:21 IST" name="Test" finished-at="2021-07-20T15:44:21 IST" duration-ms="29" status="PASS">
          <reporter-output>
          </reporter-output>
        </test-method> <!-- Test -->
        <test-method signature="Test1()[pri:0, instance:com.extentreport.ExtentReportDemowithTestNG@5b239d7d]" started-at="2021-07-20T15:44:21 IST" name="Test1" finished-at="2021-07-20T15:44:21 IST" duration-ms="6" status="PASS">
          <reporter-output>
          </reporter-output>
        </test-method> <!-- Test1 -->
        <test-method is-config="true" signature="tearDown()[pri:0, instance:com.extentreport.ExtentReportDemowithTestNG@5b239d7d]" started-at="2021-07-20T15:44:21 IST" name="tearDown" finished-at="2021-07-20T15:44:22 IST" duration-ms="1417" status="PASS">
          <reporter-output>
          </reporter-output>
        </test-method> <!-- tearDown -->
      </class> <!-- com.extentreport.ExtentReportDemowithTestNG -->
    </test> <!-- Default test -->
  </suite> <!-- Default suite -->
</testng-results>
